<?xml version="1.0" encoding="UTF-8"?>
<!-- Generated by org.testng.reporters.JUnitXMLReporter -->
<testsuite hostname="fpatel_desktop" ignored="0" tests="3" failures="1" timestamp="02 Mar 2018 14:43:09 GMT" time="26.539" errors="0">
  <testcase name="CoinsquareTitleTest" time="0.114" classname="CoinsquareTest">
    <failure type="java.lang.AssertionError" message="expected:&amp;lt;Coinsquare - Buy Bitcoin, Ethereum and Litecoin in Canada&amp;gt; but was:&amp;lt;Coinsquare - Buy Bitcoin, Ethereum and Litecoin in&amp;gt;">
      <![CDATA[java.lang.AssertionError: expected:<Coinsquare - Buy Bitcoin, Ethereum and Litecoin in Canada> but was:<Coinsquare - Buy Bitcoin, Ethereum and Litecoin in>
at CoinsquareTest.CoinsquareTitleTest(CoinsquareTest.java:76)
... Removed 27 stack frames]]>
    </failure>
  </testcase> <!-- CoinsquareTitleTest -->
  <testcase name="TestCase2" time="0.002" classname="CoinsquareTest"/>
  <testcase name="Testcase1" time="0.001" classname="CoinsquareTest"/>
</testsuite>
